D:\DROPBOX\WORKSPACE\NVIPATTERN\DEBUG\NVIPATTERN.EXE
D:\Dropbox\workspace\NVIPattern\Debug\NVIPattern.pdb
D:\DROPBOX\WORKSPACE\NVIPATTERN\NVIPATTERN\DEBUG\BEVERAGE.OBJ
D:\Dropbox\workspace\NVIPattern\NVIPattern\Debug\cl.command.1.tlog
D:\Dropbox\workspace\NVIPattern\NVIPattern\Debug\CL.read.1.tlog
D:\Dropbox\workspace\NVIPattern\NVIPattern\Debug\CL.write.1.tlog
D:\DROPBOX\WORKSPACE\NVIPATTERN\NVIPATTERN\DEBUG\COFFEE.OBJ
D:\Dropbox\workspace\NVIPattern\NVIPattern\Debug\link.command.1.tlog
D:\Dropbox\workspace\NVIPattern\NVIPattern\Debug\link.read.1.tlog
D:\Dropbox\workspace\NVIPattern\NVIPattern\Debug\link.write.1.tlog
D:\DROPBOX\WORKSPACE\NVIPATTERN\NVIPATTERN\DEBUG\MAIN.OBJ
D:\Dropbox\workspace\NVIPattern\NVIPattern\Debug\mt.command.1.tlog
D:\Dropbox\workspace\NVIPattern\NVIPattern\Debug\mt.read.1.tlog
D:\Dropbox\workspace\NVIPattern\NVIPattern\Debug\mt.write.1.tlog
D:\Dropbox\workspace\NVIPattern\NVIPattern\Debug\NVIPattern.exe.intermediate.manifest
D:\Dropbox\workspace\NVIPattern\NVIPattern\Debug\NVIPattern.vcxprojResolveAssemblyReference.cache
D:\Dropbox\workspace\NVIPattern\NVIPattern\Debug\NVIPattern.write.1.tlog
D:\DROPBOX\WORKSPACE\NVIPATTERN\NVIPATTERN\DEBUG\TEA.OBJ
D:\Dropbox\workspace\NVIPattern\NVIPattern\Debug\vc100.idb
D:\DROPBOX\WORKSPACE\NVIPATTERN\NVIPATTERN\DEBUG\VC100.PDB
