빌드 시작: 2015-05-11 오후 7:52:38
     1>2 노드의 "D:\Dropbox\workspace\ObserverPattern\ObserverPattern\ObserverPattern.vcxproj" 프로젝트(build 대상)입니다.
     1>InitializeBuildStatus:
         "AlwaysCreate"이(가) 지정되었기 때문에 "Debug\ObserverPattern.unsuccessfulbuild"을(를) 만들고 있습니다.
       ClCompile:
         C:\Program Files (x86)\Microsoft Visual Studio 10.0\VC\bin\CL.exe /c /ZI /nologo /W3 /WX- /Od /Oy- /D _MBCS /Gm /EHsc /RTC1 /MDd /GS /fp:precise /Zc:wchar_t /Zc:forScope /Fo"Debug\\" /Fd"Debug\vc100.pdb" /Gd /TP /analyze- /errorReport:prompt ForecastDisplay.cpp StatisticsDisplay.cpp
         StatisticsDisplay.cpp
         ForecastDisplay.cpp
         코드를 생성하고 있습니다...
       Link:
         C:\Program Files (x86)\Microsoft Visual Studio 10.0\VC\bin\link.exe /ERRORREPORT:PROMPT /OUT:"D:\Dropbox\workspace\ObserverPattern\Debug\ObserverPattern.exe" /NOLOGO kernel32.lib user32.lib gdi32.lib winspool.lib comdlg32.lib advapi32.lib shell32.lib ole32.lib oleaut32.lib uuid.lib odbc32.lib odbccp32.lib /MANIFEST /ManifestFile:"Debug\ObserverPattern.exe.intermediate.manifest" /MANIFESTUAC:"level='asInvoker' uiAccess='false'" /DEBUG /PDB:"D:\Dropbox\workspace\ObserverPattern\Debug\ObserverPattern.pdb" /TLBID:1 /DYNAMICBASE /NXCOMPAT /IMPLIB:"D:\Dropbox\workspace\ObserverPattern\Debug\ObserverPattern.lib" /MACHINE:X86 Debug\CurrentConditions.obj
         Debug\DisplayElement.obj
         Debug\ForecastDisplay.obj
         Debug\main.obj
         Debug\Observer.obj
         Debug\StatisticsDisplay.obj
         Debug\Subject.obj
         Debug\ThirdPartyDisplay.obj
         Debug\WeatherData.obj
         LINK : D:\Dropbox\workspace\ObserverPattern\Debug\ObserverPattern.exe을(를) 찾을 수 없거나 마지막 증분 링크에 의해 빌드되지 않았습니다. 전체 링크를 수행하고 있습니다.
         ObserverPattern.vcxproj -> D:\Dropbox\workspace\ObserverPattern\Debug\ObserverPattern.exe
       Manifest:
         C:\Program Files (x86)\Microsoft SDKs\Windows\v7.0A\bin\mt.exe /nologo /verbose /outputresource:"D:\Dropbox\workspace\ObserverPattern\Debug\ObserverPattern.exe;#1" /manifest Debug\ObserverPattern.exe.intermediate.manifest
       FinalizeBuildStatus:
         "Debug\ObserverPattern.unsuccessfulbuild" 파일을 삭제하고 있습니다.
         "Debug\ObserverPattern.lastbuildstate"에 연결(touching)하고 있습니다.
     1>"D:\Dropbox\workspace\ObserverPattern\ObserverPattern\ObserverPattern.vcxproj" 프로젝트를 빌드했습니다(build 대상).

빌드했습니다.

경과 시간: 00:00:00.82
