D:\DROPBOX\WORKSPACE\OBSERVERPATTERN\DEBUG\OBSERVERPATTERN.EXE
D:\DROPBOX\WORKSPACE\OBSERVERPATTERN\DEBUG\OBSERVERPATTERN.ILK
D:\DROPBOX\WORKSPACE\OBSERVERPATTERN\DEBUG\OBSERVERPATTERN.PDB
D:\Dropbox\workspace\ObserverPattern\ObserverPattern\Debug\cl.command.1.tlog
D:\Dropbox\workspace\ObserverPattern\ObserverPattern\Debug\CL.read.1.tlog
D:\Dropbox\workspace\ObserverPattern\ObserverPattern\Debug\CL.write.1.tlog
D:\DROPBOX\WORKSPACE\OBSERVERPATTERN\OBSERVERPATTERN\DEBUG\CURRENTCONDITIONS.OBJ
D:\DROPBOX\WORKSPACE\OBSERVERPATTERN\OBSERVERPATTERN\DEBUG\DISPLAYELEMENT.OBJ
D:\DROPBOX\WORKSPACE\OBSERVERPATTERN\OBSERVERPATTERN\DEBUG\FORECASTDISPLAY.OBJ
D:\Dropbox\workspace\ObserverPattern\ObserverPattern\Debug\link.command.1.tlog
D:\Dropbox\workspace\ObserverPattern\ObserverPattern\Debug\link.read.1.tlog
D:\Dropbox\workspace\ObserverPattern\ObserverPattern\Debug\link.write.1.tlog
D:\DROPBOX\WORKSPACE\OBSERVERPATTERN\OBSERVERPATTERN\DEBUG\MAIN.OBJ
D:\Dropbox\workspace\ObserverPattern\ObserverPattern\Debug\mt.command.1.tlog
D:\Dropbox\workspace\ObserverPattern\ObserverPattern\Debug\mt.read.1.tlog
D:\Dropbox\workspace\ObserverPattern\ObserverPattern\Debug\mt.write.1.tlog
D:\DROPBOX\WORKSPACE\OBSERVERPATTERN\OBSERVERPATTERN\DEBUG\OBSERVER.OBJ
D:\DROPBOX\WORKSPACE\OBSERVERPATTERN\OBSERVERPATTERN\DEBUG\OBSERVERPATTERN.EXE.INTERMEDIATE.MANIFEST
D:\Dropbox\workspace\ObserverPattern\ObserverPattern\Debug\ObserverPattern.vcxprojResolveAssemblyReference.cache
D:\Dropbox\workspace\ObserverPattern\ObserverPattern\Debug\ObserverPattern.write.1.tlog
D:\DROPBOX\WORKSPACE\OBSERVERPATTERN\OBSERVERPATTERN\DEBUG\STATISTICSDISPLAY.OBJ
D:\DROPBOX\WORKSPACE\OBSERVERPATTERN\OBSERVERPATTERN\DEBUG\SUBJECT.OBJ
D:\DROPBOX\WORKSPACE\OBSERVERPATTERN\OBSERVERPATTERN\DEBUG\THIRDPARTYDISPLAY.OBJ
D:\Dropbox\workspace\ObserverPattern\ObserverPattern\Debug\vc100.idb
D:\DROPBOX\WORKSPACE\OBSERVERPATTERN\OBSERVERPATTERN\DEBUG\VC100.PDB
D:\DROPBOX\WORKSPACE\OBSERVERPATTERN\OBSERVERPATTERN\DEBUG\WEATHERDATA.OBJ
